<?xml version="1.0" encoding="UTF-8"?>
<!-- Generated by org.testng.reporters.JUnitReportReporter -->
<testsuite hostname="DESKTOP-AA" failures="0" tests="4" name="Test.ChooseBrand_Test" time="8.018" errors="0" timestamp="19 Oct 2021 22:18:17 GMT">
  <testcase classname="Test.ChooseBrand_Test" name="select_brand" time="1.655"/>
  <testcase classname="Test.ChooseBrand_Test" name="validate_brand_contents_unsorted" time="3.295"/>
  <testcase classname="Test.ChooseBrand_Test" name="validate_total_brands" time="1.275"/>
  <testcase classname="Test.ChooseBrand_Test" name="select_brand_message" time="1.793"/>
</testsuite> <!-- Test.ChooseBrand_Test -->
