<?xml version="1.0" encoding="UTF-8"?>
<!-- Generated by org.testng.reporters.JUnitReportReporter -->
<testsuite hostname="DESKTOP-AA" failures="0" tests="2" name="Test.PromoCode_Test" time="3.415" errors="0" timestamp="19 Oct 2021 22:18:17 GMT">
  <testcase classname="Test.PromoCode_Test" name="enter_Invalid_Promo" time="1.712"/>
  <testcase classname="Test.PromoCode_Test" name="enter_Blank_Promo" time="1.703"/>
</testsuite> <!-- Test.PromoCode_Test -->
