<?xml version="1.0" encoding="UTF-8"?>
<!-- Generated by org.testng.reporters.JUnitReportReporter -->
<testsuite hostname="DESKTOP-AA" failures="0" tests="3" name="Test.Email_Test" time="5.200" errors="0" timestamp="19 Oct 2021 22:18:17 GMT">
  <testcase classname="Test.Email_Test" name="enter_Blank_Email" time="1.779"/>
  <testcase classname="Test.Email_Test" name="enter_Email" time="1.759"/>
  <testcase classname="Test.Email_Test" name="enter_Invalid_Email" time="1.662"/>
</testsuite> <!-- Test.Email_Test -->
