<?xml version="1.0" encoding="UTF-8"?>
<!-- Generated by org.testng.reporters.JUnitReportReporter -->
<testsuite hostname="DESKTOP-AA" failures="0" tests="1" name="Test.Smoke_Test" time="1.903" errors="0" timestamp="19 Oct 2021 22:18:17 GMT">
  <testcase classname="Test.Smoke_Test" name="goToShoeStore" time="1.903"/>
</testsuite> <!-- Test.Smoke_Test -->
