<?xml version="1.0" encoding="UTF-8"?>
<!-- Generated by org.testng.reporters.JUnitReportReporter -->
<testsuite hostname="DESKTOP-AA" failures="0" tests="1" name="Test.Nav_Test" time="2.417" errors="0" timestamp="19 Oct 2021 22:18:17 GMT">
  <testcase classname="Test.Nav_Test" name="pageNavigation" time="2.417"/>
</testsuite> <!-- Test.Nav_Test -->
